# Logfile created on Sat Sep 03 00:03:37 -0400 2011 by logger.rb/22285
REQUESTING PAGE: GET /signup with {} and HTTP headers {}
REQUESTING PAGE: POST /users with {"commit"=>"Sign up", "utf8"=>"✓", "user"=>{"name"=>"", "password_confirmation"=>"", "password"=>"", "email"=>""}} and HTTP headers {"HTTP_REFERER"=>"/signup"}
REQUESTING PAGE: GET /signup with {} and HTTP headers {}
REQUESTING PAGE: POST /users with {"commit"=>"Sign up", "utf8"=>"✓", "user"=>{"name"=>"test user", "password_confirmation"=>"Password01!", "password"=>"Password01!", "email"=>"testuser@test.com"}} and HTTP headers {"HTTP_REFERER"=>"/signup"}
REQUESTING PAGE: GET http://www.example.com/users/1 with {} and HTTP headers {"HTTP_REFERER"=>"/users"}
REQUESTING PAGE: GET /signup with {} and HTTP headers {}
REQUESTING PAGE: POST /users with {"commit"=>"Sign up", "utf8"=>"✓", "user"=>{"name"=>"", "password_confirmation"=>"", "password"=>"", "email"=>""}} and HTTP headers {"HTTP_REFERER"=>"/signup"}
REQUESTING PAGE: GET /signup with {} and HTTP headers {}
REQUESTING PAGE: POST /users with {"commit"=>"Sign up", "utf8"=>"✓", "user"=>{"name"=>"test user", "password_confirmation"=>"Password01!", "password"=>"Password01!", "email"=>"testuser3@test.com"}} and HTTP headers {"HTTP_REFERER"=>"/signup"}
REQUESTING PAGE: GET http://www.example.com/users/1 with {} and HTTP headers {"HTTP_REFERER"=>"/users"}
REQUESTING PAGE: GET /signup with {} and HTTP headers {}
REQUESTING PAGE: POST /users with {"commit"=>"Sign up", "utf8"=>"✓", "user"=>{"name"=>"", "password_confirmation"=>"", "password"=>"", "email"=>""}} and HTTP headers {"HTTP_REFERER"=>"/signup"}
REQUESTING PAGE: GET /signup with {} and HTTP headers {}
REQUESTING PAGE: POST /users with {"commit"=>"Sign up", "utf8"=>"✓", "user"=>{"name"=>"test user", "password_confirmation"=>"Password01!", "password"=>"Password01!", "email"=>"testuser3@test.com"}} and HTTP headers {"HTTP_REFERER"=>"/signup"}
REQUESTING PAGE: GET http://www.example.com/users/1 with {} and HTTP headers {"HTTP_REFERER"=>"/users"}
REQUESTING PAGE: GET /signup with {} and HTTP headers {}
REQUESTING PAGE: POST /users with {"commit"=>"Sign up", "utf8"=>"✓", "user"=>{"name"=>"", "password_confirmation"=>"", "password"=>"", "email"=>""}} and HTTP headers {"HTTP_REFERER"=>"/signup"}
REQUESTING PAGE: GET /signup with {} and HTTP headers {}
REQUESTING PAGE: POST /users with {"commit"=>"Sign up", "utf8"=>"✓", "user"=>{"name"=>"test user", "password_confirmation"=>"Password01!", "password"=>"Password01!", "email"=>"testuser3@test.com"}} and HTTP headers {"HTTP_REFERER"=>"/signup"}
REQUESTING PAGE: GET http://www.example.com/users/1 with {} and HTTP headers {"HTTP_REFERER"=>"/users"}
REQUESTING PAGE: GET /signup with {} and HTTP headers {}
REQUESTING PAGE: POST /users with {"commit"=>"Sign up", "utf8"=>"✓", "user"=>{"name"=>"", "password_confirmation"=>"", "password"=>"", "email"=>""}} and HTTP headers {"HTTP_REFERER"=>"/signup"}
REQUESTING PAGE: GET /signup with {} and HTTP headers {}
REQUESTING PAGE: POST /users with {"commit"=>"Sign up", "utf8"=>"✓", "user"=>{"name"=>"test user", "password_confirmation"=>"Password01!", "password"=>"Password01!", "email"=>"testuser3@test.com"}} and HTTP headers {"HTTP_REFERER"=>"/signup"}
REQUESTING PAGE: GET http://www.example.com/users/1 with {} and HTTP headers {"HTTP_REFERER"=>"/users"}
